Parent process has exited, shutting down...
Global cache location '/Users/Sergey/Library/Caches/typescript', safe file path '/users/sergey/work/gh/typescript/built/local/typingsafelist.json'
Processing cache location '/Users/Sergey/Library/Caches/typescript'
Trying to find '/Users/Sergey/Library/Caches/typescript/package.json'...
Loaded content of '/Users/Sergey/Library/Caches/typescript/package.json': {"devDependencies":{"@types/buffer-equal":"0.0.30","@types/chai":"^3.4.35","@types/chalk":"^0.4.31","@types/concat-stream":"^1.6.0","@types/configstore":"^2.1.0","@types/core-js":"^0.9.37","@types/diff":"0.0.31","@types/express":"^4.0.35","@types/extend":"^2.0.30","@types/inherits":"0.0.29","@types/is":"0.0.17","@types/istanbul":"^0.4.29","@types/jquery":"^2.0.41","@types/karma":"^0.13.33","@types/karma-jasmine":"0.0.29","@types/minimist":"^1.2.0","@types/mkdirp":"^0.3.29","@types/mocha":"^2.2.39","@types/mockery":"^1.4.29","@types/node":"^7.0.6","@types/npm":"^2.0.28","@types/once":"^1.3.28","@types/proxyquire":"^1.3.27","@types/q":"^1.0.0","@types/request":"0.0.41","@types/rimraf":"0.0.28","@types/semver":"^5.3.30","@types/source-map-support":"^0.2.28","@types/tape":"^4.2.29","@types/through2":"^2.0.32","@types/xtend":"^4.0.2","@types/zone.js":"0.0.27"}}
Adding entry into typings cache: 'buffer-equal' => '/Users/Sergey/Library/Caches/typescript/node_modules/@types/buffer-equal/index.d.ts'
Adding entry into typings cache: 'chai' => '/Users/Sergey/Library/Caches/typescript/node_modules/@types/chai/index.d.ts'
Adding entry into typings cache: 'chalk' => '/Users/Sergey/Library/Caches/typescript/node_modules/@types/chalk/index.d.ts'
Adding entry into typings cache: 'concat-stream' => '/Users/Sergey/Library/Caches/typescript/node_modules/@types/concat-stream/index.d.ts'
Adding entry into typings cache: 'configstore' => '/Users/Sergey/Library/Caches/typescript/node_modules/@types/configstore/index.d.ts'
Adding entry into typings cache: 'core-js' => '/Users/Sergey/Library/Caches/typescript/node_modules/@types/core-js/index.d.ts'
Adding entry into typings cache: 'diff' => '/Users/Sergey/Library/Caches/typescript/node_modules/@types/diff/index.d.ts'
Adding entry into typings cache: 'express' => '/Users/Sergey/Library/Caches/typescript/node_modules/@types/express/index.d.ts'
Adding entry into typings cache: 'extend' => '/Users/Sergey/Library/Caches/typescript/node_modules/@types/extend/index.d.ts'
Adding entry into typings cache: 'inherits' => '/Users/Sergey/Library/Caches/typescript/node_modules/@types/inherits/index.d.ts'
Adding entry into typings cache: 'is' => '/Users/Sergey/Library/Caches/typescript/node_modules/@types/is/index.d.ts'
Adding entry into typings cache: 'istanbul' => '/Users/Sergey/Library/Caches/typescript/node_modules/@types/istanbul/index.d.ts'
Adding entry into typings cache: 'jquery' => '/Users/Sergey/Library/Caches/typescript/node_modules/@types/jquery/index.d.ts'
Adding entry into typings cache: 'karma' => '/Users/Sergey/Library/Caches/typescript/node_modules/@types/karma/index.d.ts'
Adding entry into typings cache: 'karma-jasmine' => '/Users/Sergey/Library/Caches/typescript/node_modules/@types/karma-jasmine/index.d.ts'
Adding entry into typings cache: 'minimist' => '/Users/Sergey/Library/Caches/typescript/node_modules/@types/minimist/index.d.ts'
Adding entry into typings cache: 'mkdirp' => '/Users/Sergey/Library/Caches/typescript/node_modules/@types/mkdirp/index.d.ts'
Adding entry into typings cache: 'mocha' => '/Users/Sergey/Library/Caches/typescript/node_modules/@types/mocha/index.d.ts'
Adding entry into typings cache: 'mockery' => '/Users/Sergey/Library/Caches/typescript/node_modules/@types/mockery/index.d.ts'
Adding entry into typings cache: 'node' => '/Users/Sergey/Library/Caches/typescript/node_modules/@types/node/index.d.ts'
Adding entry into typings cache: 'npm' => '/Users/Sergey/Library/Caches/typescript/node_modules/@types/npm/index.d.ts'
Adding entry into typings cache: 'once' => '/Users/Sergey/Library/Caches/typescript/node_modules/@types/once/index.d.ts'
Adding entry into typings cache: 'proxyquire' => '/Users/Sergey/Library/Caches/typescript/node_modules/@types/proxyquire/index.d.ts'
Adding entry into typings cache: 'q' => '/Users/Sergey/Library/Caches/typescript/node_modules/@types/q/index.d.ts'
Adding entry into typings cache: 'request' => '/Users/Sergey/Library/Caches/typescript/node_modules/@types/request/index.d.ts'
Adding entry into typings cache: 'rimraf' => '/Users/Sergey/Library/Caches/typescript/node_modules/@types/rimraf/index.d.ts'
Adding entry into typings cache: 'semver' => '/Users/Sergey/Library/Caches/typescript/node_modules/@types/semver/index.d.ts'
Adding entry into typings cache: 'source-map-support' => '/Users/Sergey/Library/Caches/typescript/node_modules/@types/source-map-support/index.d.ts'
Adding entry into typings cache: 'tape' => '/Users/Sergey/Library/Caches/typescript/node_modules/@types/tape/index.d.ts'
Adding entry into typings cache: 'through2' => '/Users/Sergey/Library/Caches/typescript/node_modules/@types/through2/index.d.ts'
Adding entry into typings cache: 'xtend' => '/Users/Sergey/Library/Caches/typescript/node_modules/@types/xtend/index.d.ts'
Adding entry into typings cache: 'zone.js' => '/Users/Sergey/Library/Caches/typescript/node_modules/@types/zone.js/index.d.ts'
Finished processing cache location '/Users/Sergey/Library/Caches/typescript'
Process id: 33212
Npm config file: /Users/Sergey/Library/Caches/typescript/package.json
Updating types-registry npm package...
Global cache location '/Users/Sergey/Library/Caches/typescript', safe file path '/users/sergey/work/gh/typescript/built/local/typingsafelist.json'
Processing cache location '/Users/Sergey/Library/Caches/typescript'
Trying to find '/Users/Sergey/Library/Caches/typescript/package.json'...
Loaded content of '/Users/Sergey/Library/Caches/typescript/package.json': {"devDependencies":{"@types/buffer-equal":"0.0.30","@types/chai":"^3.4.35","@types/chalk":"^0.4.31","@types/concat-stream":"^1.6.0","@types/configstore":"^2.1.0","@types/core-js":"^0.9.37","@types/diff":"0.0.31","@types/express":"^4.0.35","@types/extend":"^2.0.30","@types/inherits":"0.0.29","@types/is":"0.0.17","@types/istanbul":"^0.4.29","@types/jquery":"^2.0.41","@types/karma":"^0.13.33","@types/karma-jasmine":"0.0.29","@types/minimist":"^1.2.0","@types/mkdirp":"^0.3.29","@types/mocha":"^2.2.39","@types/mockery":"^1.4.29","@types/node":"^7.0.6","@types/npm":"^2.0.28","@types/once":"^1.3.28","@types/proxyquire":"^1.3.27","@types/q":"^1.0.0","@types/request":"0.0.41","@types/rimraf":"0.0.28","@types/semver":"^5.3.30","@types/source-map-support":"^0.2.28","@types/tape":"^4.2.29","@types/through2":"^2.0.32","@types/xtend":"^4.0.2","@types/zone.js":"0.0.27"}}
Adding entry into typings cache: 'buffer-equal' => '/Users/Sergey/Library/Caches/typescript/node_modules/@types/buffer-equal/index.d.ts'
Adding entry into typings cache: 'chai' => '/Users/Sergey/Library/Caches/typescript/node_modules/@types/chai/index.d.ts'
Adding entry into typings cache: 'chalk' => '/Users/Sergey/Library/Caches/typescript/node_modules/@types/chalk/index.d.ts'
Adding entry into typings cache: 'concat-stream' => '/Users/Sergey/Library/Caches/typescript/node_modules/@types/concat-stream/index.d.ts'
Adding entry into typings cache: 'configstore' => '/Users/Sergey/Library/Caches/typescript/node_modules/@types/configstore/index.d.ts'
Adding entry into typings cache: 'core-js' => '/Users/Sergey/Library/Caches/typescript/node_modules/@types/core-js/index.d.ts'
Adding entry into typings cache: 'diff' => '/Users/Sergey/Library/Caches/typescript/node_modules/@types/diff/index.d.ts'
Adding entry into typings cache: 'express' => '/Users/Sergey/Library/Caches/typescript/node_modules/@types/express/index.d.ts'
Adding entry into typings cache: 'extend' => '/Users/Sergey/Library/Caches/typescript/node_modules/@types/extend/index.d.ts'
Adding entry into typings cache: 'inherits' => '/Users/Sergey/Library/Caches/typescript/node_modules/@types/inherits/index.d.ts'
Adding entry into typings cache: 'is' => '/Users/Sergey/Library/Caches/typescript/node_modules/@types/is/index.d.ts'
Adding entry into typings cache: 'istanbul' => '/Users/Sergey/Library/Caches/typescript/node_modules/@types/istanbul/index.d.ts'
Adding entry into typings cache: 'jquery' => '/Users/Sergey/Library/Caches/typescript/node_modules/@types/jquery/index.d.ts'
Adding entry into typings cache: 'karma' => '/Users/Sergey/Library/Caches/typescript/node_modules/@types/karma/index.d.ts'
Adding entry into typings cache: 'karma-jasmine' => '/Users/Sergey/Library/Caches/typescript/node_modules/@types/karma-jasmine/index.d.ts'
Adding entry into typings cache: 'minimist' => '/Users/Sergey/Library/Caches/typescript/node_modules/@types/minimist/index.d.ts'
Adding entry into typings cache: 'mkdirp' => '/Users/Sergey/Library/Caches/typescript/node_modules/@types/mkdirp/index.d.ts'
Adding entry into typings cache: 'mocha' => '/Users/Sergey/Library/Caches/typescript/node_modules/@types/mocha/index.d.ts'
Adding entry into typings cache: 'mockery' => '/Users/Sergey/Library/Caches/typescript/node_modules/@types/mockery/index.d.ts'
Adding entry into typings cache: 'node' => '/Users/Sergey/Library/Caches/typescript/node_modules/@types/node/index.d.ts'
Adding entry into typings cache: 'npm' => '/Users/Sergey/Library/Caches/typescript/node_modules/@types/npm/index.d.ts'
Adding entry into typings cache: 'once' => '/Users/Sergey/Library/Caches/typescript/node_modules/@types/once/index.d.ts'
Adding entry into typings cache: 'proxyquire' => '/Users/Sergey/Library/Caches/typescript/node_modules/@types/proxyquire/index.d.ts'
Adding entry into typings cache: 'q' => '/Users/Sergey/Library/Caches/typescript/node_modules/@types/q/index.d.ts'
Adding entry into typings cache: 'request' => '/Users/Sergey/Library/Caches/typescript/node_modules/@types/request/index.d.ts'
Adding entry into typings cache: 'rimraf' => '/Users/Sergey/Library/Caches/typescript/node_modules/@types/rimraf/index.d.ts'
Adding entry into typings cache: 'semver' => '/Users/Sergey/Library/Caches/typescript/node_modules/@types/semver/index.d.ts'
Adding entry into typings cache: 'source-map-support' => '/Users/Sergey/Library/Caches/typescript/node_modules/@types/source-map-support/index.d.ts'
Adding entry into typings cache: 'tape' => '/Users/Sergey/Library/Caches/typescript/node_modules/@types/tape/index.d.ts'
Adding entry into typings cache: 'through2' => '/Users/Sergey/Library/Caches/typescript/node_modules/@types/through2/index.d.ts'
Adding entry into typings cache: 'xtend' => '/Users/Sergey/Library/Caches/typescript/node_modules/@types/xtend/index.d.ts'
Adding entry into typings cache: 'zone.js' => '/Users/Sergey/Library/Caches/typescript/node_modules/@types/zone.js/index.d.ts'
Finished processing cache location '/Users/Sergey/Library/Caches/typescript'
Process id: 33329
Npm config file: /Users/Sergey/Library/Caches/typescript/package.json
Updating types-registry npm package...
Global cache location '/Users/Sergey/Library/Caches/typescript', safe file path '/users/sergey/work/gh/typescript/built/local/typingsafelist.json'
Processing cache location '/Users/Sergey/Library/Caches/typescript'
Trying to find '/Users/Sergey/Library/Caches/typescript/package.json'...
Loaded content of '/Users/Sergey/Library/Caches/typescript/package.json': {"devDependencies":{"@types/buffer-equal":"0.0.30","@types/chai":"^3.4.35","@types/chalk":"^0.4.31","@types/concat-stream":"^1.6.0","@types/configstore":"^2.1.0","@types/core-js":"^0.9.37","@types/diff":"0.0.31","@types/express":"^4.0.35","@types/extend":"^2.0.30","@types/inherits":"0.0.29","@types/is":"0.0.17","@types/istanbul":"^0.4.29","@types/jquery":"^2.0.41","@types/karma":"^0.13.33","@types/karma-jasmine":"0.0.29","@types/minimist":"^1.2.0","@types/mkdirp":"^0.3.29","@types/mocha":"^2.2.39","@types/mockery":"^1.4.29","@types/node":"^7.0.6","@types/npm":"^2.0.28","@types/once":"^1.3.28","@types/proxyquire":"^1.3.27","@types/q":"^1.0.0","@types/request":"0.0.41","@types/rimraf":"0.0.28","@types/semver":"^5.3.30","@types/source-map-support":"^0.2.28","@types/tape":"^4.2.29","@types/through2":"^2.0.32","@types/xtend":"^4.0.2","@types/zone.js":"0.0.27"}}
Adding entry into typings cache: 'buffer-equal' => '/Users/Sergey/Library/Caches/typescript/node_modules/@types/buffer-equal/index.d.ts'
Adding entry into typings cache: 'chai' => '/Users/Sergey/Library/Caches/typescript/node_modules/@types/chai/index.d.ts'
Adding entry into typings cache: 'chalk' => '/Users/Sergey/Library/Caches/typescript/node_modules/@types/chalk/index.d.ts'
Adding entry into typings cache: 'concat-stream' => '/Users/Sergey/Library/Caches/typescript/node_modules/@types/concat-stream/index.d.ts'
Adding entry into typings cache: 'configstore' => '/Users/Sergey/Library/Caches/typescript/node_modules/@types/configstore/index.d.ts'
Adding entry into typings cache: 'core-js' => '/Users/Sergey/Library/Caches/typescript/node_modules/@types/core-js/index.d.ts'
Adding entry into typings cache: 'diff' => '/Users/Sergey/Library/Caches/typescript/node_modules/@types/diff/index.d.ts'
Adding entry into typings cache: 'express' => '/Users/Sergey/Library/Caches/typescript/node_modules/@types/express/index.d.ts'
Adding entry into typings cache: 'extend' => '/Users/Sergey/Library/Caches/typescript/node_modules/@types/extend/index.d.ts'
Adding entry into typings cache: 'inherits' => '/Users/Sergey/Library/Caches/typescript/node_modules/@types/inherits/index.d.ts'
Adding entry into typings cache: 'is' => '/Users/Sergey/Library/Caches/typescript/node_modules/@types/is/index.d.ts'
Adding entry into typings cache: 'istanbul' => '/Users/Sergey/Library/Caches/typescript/node_modules/@types/istanbul/index.d.ts'
Adding entry into typings cache: 'jquery' => '/Users/Sergey/Library/Caches/typescript/node_modules/@types/jquery/index.d.ts'
Adding entry into typings cache: 'karma' => '/Users/Sergey/Library/Caches/typescript/node_modules/@types/karma/index.d.ts'
Adding entry into typings cache: 'karma-jasmine' => '/Users/Sergey/Library/Caches/typescript/node_modules/@types/karma-jasmine/index.d.ts'
Adding entry into typings cache: 'minimist' => '/Users/Sergey/Library/Caches/typescript/node_modules/@types/minimist/index.d.ts'
Adding entry into typings cache: 'mkdirp' => '/Users/Sergey/Library/Caches/typescript/node_modules/@types/mkdirp/index.d.ts'
Adding entry into typings cache: 'mocha' => '/Users/Sergey/Library/Caches/typescript/node_modules/@types/mocha/index.d.ts'
Adding entry into typings cache: 'mockery' => '/Users/Sergey/Library/Caches/typescript/node_modules/@types/mockery/index.d.ts'
Adding entry into typings cache: 'node' => '/Users/Sergey/Library/Caches/typescript/node_modules/@types/node/index.d.ts'
Adding entry into typings cache: 'npm' => '/Users/Sergey/Library/Caches/typescript/node_modules/@types/npm/index.d.ts'
Adding entry into typings cache: 'once' => '/Users/Sergey/Library/Caches/typescript/node_modules/@types/once/index.d.ts'
Adding entry into typings cache: 'proxyquire' => '/Users/Sergey/Library/Caches/typescript/node_modules/@types/proxyquire/index.d.ts'
Adding entry into typings cache: 'q' => '/Users/Sergey/Library/Caches/typescript/node_modules/@types/q/index.d.ts'
Adding entry into typings cache: 'request' => '/Users/Sergey/Library/Caches/typescript/node_modules/@types/request/index.d.ts'
Adding entry into typings cache: 'rimraf' => '/Users/Sergey/Library/Caches/typescript/node_modules/@types/rimraf/index.d.ts'
Adding entry into typings cache: 'semver' => '/Users/Sergey/Library/Caches/typescript/node_modules/@types/semver/index.d.ts'
Adding entry into typings cache: 'source-map-support' => '/Users/Sergey/Library/Caches/typescript/node_modules/@types/source-map-support/index.d.ts'
Adding entry into typings cache: 'tape' => '/Users/Sergey/Library/Caches/typescript/node_modules/@types/tape/index.d.ts'
Adding entry into typings cache: 'through2' => '/Users/Sergey/Library/Caches/typescript/node_modules/@types/through2/index.d.ts'
Adding entry into typings cache: 'xtend' => '/Users/Sergey/Library/Caches/typescript/node_modules/@types/xtend/index.d.ts'
Adding entry into typings cache: 'zone.js' => '/Users/Sergey/Library/Caches/typescript/node_modules/@types/zone.js/index.d.ts'
Finished processing cache location '/Users/Sergey/Library/Caches/typescript'
Process id: 33469
Npm config file: /Users/Sergey/Library/Caches/typescript/package.json
Updating types-registry npm package...
Global cache location '/Users/Sergey/Library/Caches/typescript', safe file path '/users/sergey/work/gh/typescript/built/local/typingsafelist.json'
Processing cache location '/Users/Sergey/Library/Caches/typescript'
Trying to find '/Users/Sergey/Library/Caches/typescript/package.json'...
Loaded content of '/Users/Sergey/Library/Caches/typescript/package.json': {"devDependencies":{"@types/buffer-equal":"0.0.30","@types/chai":"^3.4.35","@types/chalk":"^0.4.31","@types/concat-stream":"^1.6.0","@types/configstore":"^2.1.0","@types/core-js":"^0.9.37","@types/diff":"0.0.31","@types/express":"^4.0.35","@types/extend":"^2.0.30","@types/inherits":"0.0.29","@types/is":"0.0.17","@types/istanbul":"^0.4.29","@types/jquery":"^2.0.41","@types/karma":"^0.13.33","@types/karma-jasmine":"0.0.29","@types/minimist":"^1.2.0","@types/mkdirp":"^0.3.29","@types/mocha":"^2.2.39","@types/mockery":"^1.4.29","@types/node":"^7.0.6","@types/npm":"^2.0.28","@types/once":"^1.3.28","@types/proxyquire":"^1.3.27","@types/q":"^1.0.0","@types/request":"0.0.41","@types/rimraf":"0.0.28","@types/semver":"^5.3.30","@types/source-map-support":"^0.2.28","@types/tape":"^4.2.29","@types/through2":"^2.0.32","@types/xtend":"^4.0.2","@types/zone.js":"0.0.27"}}
Adding entry into typings cache: 'buffer-equal' => '/Users/Sergey/Library/Caches/typescript/node_modules/@types/buffer-equal/index.d.ts'
Adding entry into typings cache: 'chai' => '/Users/Sergey/Library/Caches/typescript/node_modules/@types/chai/index.d.ts'
Adding entry into typings cache: 'chalk' => '/Users/Sergey/Library/Caches/typescript/node_modules/@types/chalk/index.d.ts'
Adding entry into typings cache: 'concat-stream' => '/Users/Sergey/Library/Caches/typescript/node_modules/@types/concat-stream/index.d.ts'
Adding entry into typings cache: 'configstore' => '/Users/Sergey/Library/Caches/typescript/node_modules/@types/configstore/index.d.ts'
Adding entry into typings cache: 'core-js' => '/Users/Sergey/Library/Caches/typescript/node_modules/@types/core-js/index.d.ts'
Adding entry into typings cache: 'diff' => '/Users/Sergey/Library/Caches/typescript/node_modules/@types/diff/index.d.ts'
Adding entry into typings cache: 'express' => '/Users/Sergey/Library/Caches/typescript/node_modules/@types/express/index.d.ts'
Adding entry into typings cache: 'extend' => '/Users/Sergey/Library/Caches/typescript/node_modules/@types/extend/index.d.ts'
Adding entry into typings cache: 'inherits' => '/Users/Sergey/Library/Caches/typescript/node_modules/@types/inherits/index.d.ts'
Adding entry into typings cache: 'is' => '/Users/Sergey/Library/Caches/typescript/node_modules/@types/is/index.d.ts'
Adding entry into typings cache: 'istanbul' => '/Users/Sergey/Library/Caches/typescript/node_modules/@types/istanbul/index.d.ts'
Adding entry into typings cache: 'jquery' => '/Users/Sergey/Library/Caches/typescript/node_modules/@types/jquery/index.d.ts'
Adding entry into typings cache: 'karma' => '/Users/Sergey/Library/Caches/typescript/node_modules/@types/karma/index.d.ts'
Adding entry into typings cache: 'karma-jasmine' => '/Users/Sergey/Library/Caches/typescript/node_modules/@types/karma-jasmine/index.d.ts'
Adding entry into typings cache: 'minimist' => '/Users/Sergey/Library/Caches/typescript/node_modules/@types/minimist/index.d.ts'
Adding entry into typings cache: 'mkdirp' => '/Users/Sergey/Library/Caches/typescript/node_modules/@types/mkdirp/index.d.ts'
Adding entry into typings cache: 'mocha' => '/Users/Sergey/Library/Caches/typescript/node_modules/@types/mocha/index.d.ts'
Adding entry into typings cache: 'mockery' => '/Users/Sergey/Library/Caches/typescript/node_modules/@types/mockery/index.d.ts'
Adding entry into typings cache: 'node' => '/Users/Sergey/Library/Caches/typescript/node_modules/@types/node/index.d.ts'
Adding entry into typings cache: 'npm' => '/Users/Sergey/Library/Caches/typescript/node_modules/@types/npm/index.d.ts'
Adding entry into typings cache: 'once' => '/Users/Sergey/Library/Caches/typescript/node_modules/@types/once/index.d.ts'
Adding entry into typings cache: 'proxyquire' => '/Users/Sergey/Library/Caches/typescript/node_modules/@types/proxyquire/index.d.ts'
Adding entry into typings cache: 'q' => '/Users/Sergey/Library/Caches/typescript/node_modules/@types/q/index.d.ts'
Adding entry into typings cache: 'request' => '/Users/Sergey/Library/Caches/typescript/node_modules/@types/request/index.d.ts'
Adding entry into typings cache: 'rimraf' => '/Users/Sergey/Library/Caches/typescript/node_modules/@types/rimraf/index.d.ts'
Adding entry into typings cache: 'semver' => '/Users/Sergey/Library/Caches/typescript/node_modules/@types/semver/index.d.ts'
Adding entry into typings cache: 'source-map-support' => '/Users/Sergey/Library/Caches/typescript/node_modules/@types/source-map-support/index.d.ts'
Adding entry into typings cache: 'tape' => '/Users/Sergey/Library/Caches/typescript/node_modules/@types/tape/index.d.ts'
Adding entry into typings cache: 'through2' => '/Users/Sergey/Library/Caches/typescript/node_modules/@types/through2/index.d.ts'
Adding entry into typings cache: 'xtend' => '/Users/Sergey/Library/Caches/typescript/node_modules/@types/xtend/index.d.ts'
Adding entry into typings cache: 'zone.js' => '/Users/Sergey/Library/Caches/typescript/node_modules/@types/zone.js/index.d.ts'
Finished processing cache location '/Users/Sergey/Library/Caches/typescript'
Process id: 33849
Npm config file: /Users/Sergey/Library/Caches/typescript/package.json
Updating types-registry npm package...
Global cache location '/Users/Sergey/Library/Caches/typescript', safe file path '/users/sergey/work/gh/typescript/built/local/typingsafelist.json'
Processing cache location '/Users/Sergey/Library/Caches/typescript'
Trying to find '/Users/Sergey/Library/Caches/typescript/package.json'...
Loaded content of '/Users/Sergey/Library/Caches/typescript/package.json': {"devDependencies":{"@types/buffer-equal":"0.0.30","@types/chai":"^3.4.35","@types/chalk":"^0.4.31","@types/concat-stream":"^1.6.0","@types/configstore":"^2.1.0","@types/core-js":"^0.9.37","@types/diff":"0.0.31","@types/express":"^4.0.35","@types/extend":"^2.0.30","@types/inherits":"0.0.29","@types/is":"0.0.17","@types/istanbul":"^0.4.29","@types/jquery":"^2.0.41","@types/karma":"^0.13.33","@types/karma-jasmine":"0.0.29","@types/minimist":"^1.2.0","@types/mkdirp":"^0.3.29","@types/mocha":"^2.2.39","@types/mockery":"^1.4.29","@types/node":"^7.0.6","@types/npm":"^2.0.28","@types/once":"^1.3.28","@types/proxyquire":"^1.3.27","@types/q":"^1.0.0","@types/request":"0.0.41","@types/rimraf":"0.0.28","@types/semver":"^5.3.30","@types/source-map-support":"^0.2.28","@types/tape":"^4.2.29","@types/through2":"^2.0.32","@types/xtend":"^4.0.2","@types/zone.js":"0.0.27"}}
Adding entry into typings cache: 'buffer-equal' => '/Users/Sergey/Library/Caches/typescript/node_modules/@types/buffer-equal/index.d.ts'
Adding entry into typings cache: 'chai' => '/Users/Sergey/Library/Caches/typescript/node_modules/@types/chai/index.d.ts'
Adding entry into typings cache: 'chalk' => '/Users/Sergey/Library/Caches/typescript/node_modules/@types/chalk/index.d.ts'
Adding entry into typings cache: 'concat-stream' => '/Users/Sergey/Library/Caches/typescript/node_modules/@types/concat-stream/index.d.ts'
Adding entry into typings cache: 'configstore' => '/Users/Sergey/Library/Caches/typescript/node_modules/@types/configstore/index.d.ts'
Adding entry into typings cache: 'core-js' => '/Users/Sergey/Library/Caches/typescript/node_modules/@types/core-js/index.d.ts'
Adding entry into typings cache: 'diff' => '/Users/Sergey/Library/Caches/typescript/node_modules/@types/diff/index.d.ts'
Adding entry into typings cache: 'express' => '/Users/Sergey/Library/Caches/typescript/node_modules/@types/express/index.d.ts'
Adding entry into typings cache: 'extend' => '/Users/Sergey/Library/Caches/typescript/node_modules/@types/extend/index.d.ts'
Adding entry into typings cache: 'inherits' => '/Users/Sergey/Library/Caches/typescript/node_modules/@types/inherits/index.d.ts'
Adding entry into typings cache: 'is' => '/Users/Sergey/Library/Caches/typescript/node_modules/@types/is/index.d.ts'
Adding entry into typings cache: 'istanbul' => '/Users/Sergey/Library/Caches/typescript/node_modules/@types/istanbul/index.d.ts'
Adding entry into typings cache: 'jquery' => '/Users/Sergey/Library/Caches/typescript/node_modules/@types/jquery/index.d.ts'
Adding entry into typings cache: 'karma' => '/Users/Sergey/Library/Caches/typescript/node_modules/@types/karma/index.d.ts'
Adding entry into typings cache: 'karma-jasmine' => '/Users/Sergey/Library/Caches/typescript/node_modules/@types/karma-jasmine/index.d.ts'
Adding entry into typings cache: 'minimist' => '/Users/Sergey/Library/Caches/typescript/node_modules/@types/minimist/index.d.ts'
Adding entry into typings cache: 'mkdirp' => '/Users/Sergey/Library/Caches/typescript/node_modules/@types/mkdirp/index.d.ts'
Adding entry into typings cache: 'mocha' => '/Users/Sergey/Library/Caches/typescript/node_modules/@types/mocha/index.d.ts'
Adding entry into typings cache: 'mockery' => '/Users/Sergey/Library/Caches/typescript/node_modules/@types/mockery/index.d.ts'
Adding entry into typings cache: 'node' => '/Users/Sergey/Library/Caches/typescript/node_modules/@types/node/index.d.ts'
Adding entry into typings cache: 'npm' => '/Users/Sergey/Library/Caches/typescript/node_modules/@types/npm/index.d.ts'
Adding entry into typings cache: 'once' => '/Users/Sergey/Library/Caches/typescript/node_modules/@types/once/index.d.ts'
Adding entry into typings cache: 'proxyquire' => '/Users/Sergey/Library/Caches/typescript/node_modules/@types/proxyquire/index.d.ts'
Adding entry into typings cache: 'q' => '/Users/Sergey/Library/Caches/typescript/node_modules/@types/q/index.d.ts'
Adding entry into typings cache: 'request' => '/Users/Sergey/Library/Caches/typescript/node_modules/@types/request/index.d.ts'
Adding entry into typings cache: 'rimraf' => '/Users/Sergey/Library/Caches/typescript/node_modules/@types/rimraf/index.d.ts'
Adding entry into typings cache: 'semver' => '/Users/Sergey/Library/Caches/typescript/node_modules/@types/semver/index.d.ts'
Adding entry into typings cache: 'source-map-support' => '/Users/Sergey/Library/Caches/typescript/node_modules/@types/source-map-support/index.d.ts'
Adding entry into typings cache: 'tape' => '/Users/Sergey/Library/Caches/typescript/node_modules/@types/tape/index.d.ts'
Adding entry into typings cache: 'through2' => '/Users/Sergey/Library/Caches/typescript/node_modules/@types/through2/index.d.ts'
Adding entry into typings cache: 'xtend' => '/Users/Sergey/Library/Caches/typescript/node_modules/@types/xtend/index.d.ts'
Adding entry into typings cache: 'zone.js' => '/Users/Sergey/Library/Caches/typescript/node_modules/@types/zone.js/index.d.ts'
Finished processing cache location '/Users/Sergey/Library/Caches/typescript'
Process id: 34081
Npm config file: /Users/Sergey/Library/Caches/typescript/package.json
Updating types-registry npm package...
Global cache location '/Users/Sergey/Library/Caches/typescript', safe file path '/users/sergey/work/gh/typescript/built/local/typingsafelist.json'
Processing cache location '/Users/Sergey/Library/Caches/typescript'
Trying to find '/Users/Sergey/Library/Caches/typescript/package.json'...
Loaded content of '/Users/Sergey/Library/Caches/typescript/package.json': {"devDependencies":{"@types/buffer-equal":"0.0.30","@types/chai":"^3.4.35","@types/chalk":"^0.4.31","@types/concat-stream":"^1.6.0","@types/configstore":"^2.1.0","@types/core-js":"^0.9.37","@types/diff":"0.0.31","@types/express":"^4.0.35","@types/extend":"^2.0.30","@types/inherits":"0.0.29","@types/is":"0.0.17","@types/istanbul":"^0.4.29","@types/jquery":"^2.0.41","@types/karma":"^0.13.33","@types/karma-jasmine":"0.0.29","@types/minimist":"^1.2.0","@types/mkdirp":"^0.3.29","@types/mocha":"^2.2.39","@types/mockery":"^1.4.29","@types/node":"^7.0.6","@types/npm":"^2.0.28","@types/once":"^1.3.28","@types/proxyquire":"^1.3.27","@types/q":"^1.0.0","@types/request":"0.0.41","@types/rimraf":"0.0.28","@types/semver":"^5.3.30","@types/source-map-support":"^0.2.28","@types/tape":"^4.2.29","@types/through2":"^2.0.32","@types/xtend":"^4.0.2","@types/zone.js":"0.0.27"}}
Adding entry into typings cache: 'buffer-equal' => '/Users/Sergey/Library/Caches/typescript/node_modules/@types/buffer-equal/index.d.ts'
Adding entry into typings cache: 'chai' => '/Users/Sergey/Library/Caches/typescript/node_modules/@types/chai/index.d.ts'
Adding entry into typings cache: 'chalk' => '/Users/Sergey/Library/Caches/typescript/node_modules/@types/chalk/index.d.ts'
Adding entry into typings cache: 'concat-stream' => '/Users/Sergey/Library/Caches/typescript/node_modules/@types/concat-stream/index.d.ts'
Adding entry into typings cache: 'configstore' => '/Users/Sergey/Library/Caches/typescript/node_modules/@types/configstore/index.d.ts'
Adding entry into typings cache: 'core-js' => '/Users/Sergey/Library/Caches/typescript/node_modules/@types/core-js/index.d.ts'
Adding entry into typings cache: 'diff' => '/Users/Sergey/Library/Caches/typescript/node_modules/@types/diff/index.d.ts'
Adding entry into typings cache: 'express' => '/Users/Sergey/Library/Caches/typescript/node_modules/@types/express/index.d.ts'
Adding entry into typings cache: 'extend' => '/Users/Sergey/Library/Caches/typescript/node_modules/@types/extend/index.d.ts'
Adding entry into typings cache: 'inherits' => '/Users/Sergey/Library/Caches/typescript/node_modules/@types/inherits/index.d.ts'
Adding entry into typings cache: 'is' => '/Users/Sergey/Library/Caches/typescript/node_modules/@types/is/index.d.ts'
Adding entry into typings cache: 'istanbul' => '/Users/Sergey/Library/Caches/typescript/node_modules/@types/istanbul/index.d.ts'
Adding entry into typings cache: 'jquery' => '/Users/Sergey/Library/Caches/typescript/node_modules/@types/jquery/index.d.ts'
Adding entry into typings cache: 'karma' => '/Users/Sergey/Library/Caches/typescript/node_modules/@types/karma/index.d.ts'
Adding entry into typings cache: 'karma-jasmine' => '/Users/Sergey/Library/Caches/typescript/node_modules/@types/karma-jasmine/index.d.ts'
Adding entry into typings cache: 'minimist' => '/Users/Sergey/Library/Caches/typescript/node_modules/@types/minimist/index.d.ts'
Adding entry into typings cache: 'mkdirp' => '/Users/Sergey/Library/Caches/typescript/node_modules/@types/mkdirp/index.d.ts'
Adding entry into typings cache: 'mocha' => '/Users/Sergey/Library/Caches/typescript/node_modules/@types/mocha/index.d.ts'
Adding entry into typings cache: 'mockery' => '/Users/Sergey/Library/Caches/typescript/node_modules/@types/mockery/index.d.ts'
Adding entry into typings cache: 'node' => '/Users/Sergey/Library/Caches/typescript/node_modules/@types/node/index.d.ts'
Adding entry into typings cache: 'npm' => '/Users/Sergey/Library/Caches/typescript/node_modules/@types/npm/index.d.ts'
Adding entry into typings cache: 'once' => '/Users/Sergey/Library/Caches/typescript/node_modules/@types/once/index.d.ts'
Adding entry into typings cache: 'proxyquire' => '/Users/Sergey/Library/Caches/typescript/node_modules/@types/proxyquire/index.d.ts'
Adding entry into typings cache: 'q' => '/Users/Sergey/Library/Caches/typescript/node_modules/@types/q/index.d.ts'
Adding entry into typings cache: 'request' => '/Users/Sergey/Library/Caches/typescript/node_modules/@types/request/index.d.ts'
Adding entry into typings cache: 'rimraf' => '/Users/Sergey/Library/Caches/typescript/node_modules/@types/rimraf/index.d.ts'
Adding entry into typings cache: 'semver' => '/Users/Sergey/Library/Caches/typescript/node_modules/@types/semver/index.d.ts'
Adding entry into typings cache: 'source-map-support' => '/Users/Sergey/Library/Caches/typescript/node_modules/@types/source-map-support/index.d.ts'
Adding entry into typings cache: 'tape' => '/Users/Sergey/Library/Caches/typescript/node_modules/@types/tape/index.d.ts'
Adding entry into typings cache: 'through2' => '/Users/Sergey/Library/Caches/typescript/node_modules/@types/through2/index.d.ts'
Adding entry into typings cache: 'xtend' => '/Users/Sergey/Library/Caches/typescript/node_modules/@types/xtend/index.d.ts'
Adding entry into typings cache: 'zone.js' => '/Users/Sergey/Library/Caches/typescript/node_modules/@types/zone.js/index.d.ts'
Finished processing cache location '/Users/Sergey/Library/Caches/typescript'
Process id: 34435
Npm config file: /Users/Sergey/Library/Caches/typescript/package.json
Updating types-registry npm package...
Global cache location '/Users/Sergey/Library/Caches/typescript', safe file path '/users/sergey/work/gh/typescript/built/local/typingsafelist.json'
Processing cache location '/Users/Sergey/Library/Caches/typescript'
Trying to find '/Users/Sergey/Library/Caches/typescript/package.json'...
Loaded content of '/Users/Sergey/Library/Caches/typescript/package.json': {"devDependencies":{"@types/buffer-equal":"0.0.30","@types/chai":"^3.4.35","@types/chalk":"^0.4.31","@types/concat-stream":"^1.6.0","@types/configstore":"^2.1.0","@types/core-js":"^0.9.37","@types/diff":"0.0.31","@types/express":"^4.0.35","@types/extend":"^2.0.30","@types/inherits":"0.0.29","@types/is":"0.0.17","@types/istanbul":"^0.4.29","@types/jquery":"^2.0.41","@types/karma":"^0.13.33","@types/karma-jasmine":"0.0.29","@types/minimist":"^1.2.0","@types/mkdirp":"^0.3.29","@types/mocha":"^2.2.39","@types/mockery":"^1.4.29","@types/node":"^7.0.6","@types/npm":"^2.0.28","@types/once":"^1.3.28","@types/proxyquire":"^1.3.27","@types/q":"^1.0.0","@types/request":"0.0.41","@types/rimraf":"0.0.28","@types/semver":"^5.3.30","@types/source-map-support":"^0.2.28","@types/tape":"^4.2.29","@types/through2":"^2.0.32","@types/xtend":"^4.0.2","@types/zone.js":"0.0.27"}}
Adding entry into typings cache: 'buffer-equal' => '/Users/Sergey/Library/Caches/typescript/node_modules/@types/buffer-equal/index.d.ts'
Adding entry into typings cache: 'chai' => '/Users/Sergey/Library/Caches/typescript/node_modules/@types/chai/index.d.ts'
Adding entry into typings cache: 'chalk' => '/Users/Sergey/Library/Caches/typescript/node_modules/@types/chalk/index.d.ts'
Adding entry into typings cache: 'concat-stream' => '/Users/Sergey/Library/Caches/typescript/node_modules/@types/concat-stream/index.d.ts'
Adding entry into typings cache: 'configstore' => '/Users/Sergey/Library/Caches/typescript/node_modules/@types/configstore/index.d.ts'
Adding entry into typings cache: 'core-js' => '/Users/Sergey/Library/Caches/typescript/node_modules/@types/core-js/index.d.ts'
Adding entry into typings cache: 'diff' => '/Users/Sergey/Library/Caches/typescript/node_modules/@types/diff/index.d.ts'
Adding entry into typings cache: 'express' => '/Users/Sergey/Library/Caches/typescript/node_modules/@types/express/index.d.ts'
Adding entry into typings cache: 'extend' => '/Users/Sergey/Library/Caches/typescript/node_modules/@types/extend/index.d.ts'
Adding entry into typings cache: 'inherits' => '/Users/Sergey/Library/Caches/typescript/node_modules/@types/inherits/index.d.ts'
Adding entry into typings cache: 'is' => '/Users/Sergey/Library/Caches/typescript/node_modules/@types/is/index.d.ts'
Adding entry into typings cache: 'istanbul' => '/Users/Sergey/Library/Caches/typescript/node_modules/@types/istanbul/index.d.ts'
Adding entry into typings cache: 'jquery' => '/Users/Sergey/Library/Caches/typescript/node_modules/@types/jquery/index.d.ts'
Adding entry into typings cache: 'karma' => '/Users/Sergey/Library/Caches/typescript/node_modules/@types/karma/index.d.ts'
Adding entry into typings cache: 'karma-jasmine' => '/Users/Sergey/Library/Caches/typescript/node_modules/@types/karma-jasmine/index.d.ts'
Adding entry into typings cache: 'minimist' => '/Users/Sergey/Library/Caches/typescript/node_modules/@types/minimist/index.d.ts'
Adding entry into typings cache: 'mkdirp' => '/Users/Sergey/Library/Caches/typescript/node_modules/@types/mkdirp/index.d.ts'
Adding entry into typings cache: 'mocha' => '/Users/Sergey/Library/Caches/typescript/node_modules/@types/mocha/index.d.ts'
Adding entry into typings cache: 'mockery' => '/Users/Sergey/Library/Caches/typescript/node_modules/@types/mockery/index.d.ts'
Adding entry into typings cache: 'node' => '/Users/Sergey/Library/Caches/typescript/node_modules/@types/node/index.d.ts'
Adding entry into typings cache: 'npm' => '/Users/Sergey/Library/Caches/typescript/node_modules/@types/npm/index.d.ts'
Adding entry into typings cache: 'once' => '/Users/Sergey/Library/Caches/typescript/node_modules/@types/once/index.d.ts'
Adding entry into typings cache: 'proxyquire' => '/Users/Sergey/Library/Caches/typescript/node_modules/@types/proxyquire/index.d.ts'
Adding entry into typings cache: 'q' => '/Users/Sergey/Library/Caches/typescript/node_modules/@types/q/index.d.ts'
Adding entry into typings cache: 'request' => '/Users/Sergey/Library/Caches/typescript/node_modules/@types/request/index.d.ts'
Adding entry into typings cache: 'rimraf' => '/Users/Sergey/Library/Caches/typescript/node_modules/@types/rimraf/index.d.ts'
Adding entry into typings cache: 'semver' => '/Users/Sergey/Library/Caches/typescript/node_modules/@types/semver/index.d.ts'
Adding entry into typings cache: 'source-map-support' => '/Users/Sergey/Library/Caches/typescript/node_modules/@types/source-map-support/index.d.ts'
Adding entry into typings cache: 'tape' => '/Users/Sergey/Library/Caches/typescript/node_modules/@types/tape/index.d.ts'
Adding entry into typings cache: 'through2' => '/Users/Sergey/Library/Caches/typescript/node_modules/@types/through2/index.d.ts'
Adding entry into typings cache: 'xtend' => '/Users/Sergey/Library/Caches/typescript/node_modules/@types/xtend/index.d.ts'
Adding entry into typings cache: 'zone.js' => '/Users/Sergey/Library/Caches/typescript/node_modules/@types/zone.js/index.d.ts'
Finished processing cache location '/Users/Sergey/Library/Caches/typescript'
Process id: 34521
Npm config file: /Users/Sergey/Library/Caches/typescript/package.json
Updating types-registry npm package...
Global cache location '/Users/Sergey/Library/Caches/typescript', safe file path '/users/sergey/work/gh/typescript/built/local/typingsafelist.json'
Processing cache location '/Users/Sergey/Library/Caches/typescript'
Trying to find '/Users/Sergey/Library/Caches/typescript/package.json'...
Loaded content of '/Users/Sergey/Library/Caches/typescript/package.json': {"devDependencies":{"@types/buffer-equal":"0.0.30","@types/chai":"^3.4.35","@types/chalk":"^0.4.31","@types/concat-stream":"^1.6.0","@types/configstore":"^2.1.0","@types/core-js":"^0.9.37","@types/diff":"0.0.31","@types/express":"^4.0.35","@types/extend":"^2.0.30","@types/inherits":"0.0.29","@types/is":"0.0.17","@types/istanbul":"^0.4.29","@types/jquery":"^2.0.41","@types/karma":"^0.13.33","@types/karma-jasmine":"0.0.29","@types/minimist":"^1.2.0","@types/mkdirp":"^0.3.29","@types/mocha":"^2.2.39","@types/mockery":"^1.4.29","@types/node":"^7.0.6","@types/npm":"^2.0.28","@types/once":"^1.3.28","@types/proxyquire":"^1.3.27","@types/q":"^1.0.0","@types/request":"0.0.41","@types/rimraf":"0.0.28","@types/semver":"^5.3.30","@types/source-map-support":"^0.2.28","@types/tape":"^4.2.29","@types/through2":"^2.0.32","@types/xtend":"^4.0.2","@types/zone.js":"0.0.27"}}
Adding entry into typings cache: 'buffer-equal' => '/Users/Sergey/Library/Caches/typescript/node_modules/@types/buffer-equal/index.d.ts'
Adding entry into typings cache: 'chai' => '/Users/Sergey/Library/Caches/typescript/node_modules/@types/chai/index.d.ts'
Adding entry into typings cache: 'chalk' => '/Users/Sergey/Library/Caches/typescript/node_modules/@types/chalk/index.d.ts'
Adding entry into typings cache: 'concat-stream' => '/Users/Sergey/Library/Caches/typescript/node_modules/@types/concat-stream/index.d.ts'
Adding entry into typings cache: 'configstore' => '/Users/Sergey/Library/Caches/typescript/node_modules/@types/configstore/index.d.ts'
Adding entry into typings cache: 'core-js' => '/Users/Sergey/Library/Caches/typescript/node_modules/@types/core-js/index.d.ts'
Adding entry into typings cache: 'diff' => '/Users/Sergey/Library/Caches/typescript/node_modules/@types/diff/index.d.ts'
Adding entry into typings cache: 'express' => '/Users/Sergey/Library/Caches/typescript/node_modules/@types/express/index.d.ts'
Adding entry into typings cache: 'extend' => '/Users/Sergey/Library/Caches/typescript/node_modules/@types/extend/index.d.ts'
Adding entry into typings cache: 'inherits' => '/Users/Sergey/Library/Caches/typescript/node_modules/@types/inherits/index.d.ts'
Adding entry into typings cache: 'is' => '/Users/Sergey/Library/Caches/typescript/node_modules/@types/is/index.d.ts'
Adding entry into typings cache: 'istanbul' => '/Users/Sergey/Library/Caches/typescript/node_modules/@types/istanbul/index.d.ts'
Adding entry into typings cache: 'jquery' => '/Users/Sergey/Library/Caches/typescript/node_modules/@types/jquery/index.d.ts'
Adding entry into typings cache: 'karma' => '/Users/Sergey/Library/Caches/typescript/node_modules/@types/karma/index.d.ts'
Adding entry into typings cache: 'karma-jasmine' => '/Users/Sergey/Library/Caches/typescript/node_modules/@types/karma-jasmine/index.d.ts'
Adding entry into typings cache: 'minimist' => '/Users/Sergey/Library/Caches/typescript/node_modules/@types/minimist/index.d.ts'
Adding entry into typings cache: 'mkdirp' => '/Users/Sergey/Library/Caches/typescript/node_modules/@types/mkdirp/index.d.ts'
Adding entry into typings cache: 'mocha' => '/Users/Sergey/Library/Caches/typescript/node_modules/@types/mocha/index.d.ts'
Adding entry into typings cache: 'mockery' => '/Users/Sergey/Library/Caches/typescript/node_modules/@types/mockery/index.d.ts'
Adding entry into typings cache: 'node' => '/Users/Sergey/Library/Caches/typescript/node_modules/@types/node/index.d.ts'
Adding entry into typings cache: 'npm' => '/Users/Sergey/Library/Caches/typescript/node_modules/@types/npm/index.d.ts'
Adding entry into typings cache: 'once' => '/Users/Sergey/Library/Caches/typescript/node_modules/@types/once/index.d.ts'
Adding entry into typings cache: 'proxyquire' => '/Users/Sergey/Library/Caches/typescript/node_modules/@types/proxyquire/index.d.ts'
Adding entry into typings cache: 'q' => '/Users/Sergey/Library/Caches/typescript/node_modules/@types/q/index.d.ts'
Adding entry into typings cache: 'request' => '/Users/Sergey/Library/Caches/typescript/node_modules/@types/request/index.d.ts'
Adding entry into typings cache: 'rimraf' => '/Users/Sergey/Library/Caches/typescript/node_modules/@types/rimraf/index.d.ts'
Adding entry into typings cache: 'semver' => '/Users/Sergey/Library/Caches/typescript/node_modules/@types/semver/index.d.ts'
Adding entry into typings cache: 'source-map-support' => '/Users/Sergey/Library/Caches/typescript/node_modules/@types/source-map-support/index.d.ts'
Adding entry into typings cache: 'tape' => '/Users/Sergey/Library/Caches/typescript/node_modules/@types/tape/index.d.ts'
Adding entry into typings cache: 'through2' => '/Users/Sergey/Library/Caches/typescript/node_modules/@types/through2/index.d.ts'
Adding entry into typings cache: 'xtend' => '/Users/Sergey/Library/Caches/typescript/node_modules/@types/xtend/index.d.ts'
Adding entry into typings cache: 'zone.js' => '/Users/Sergey/Library/Caches/typescript/node_modules/@types/zone.js/index.d.ts'
Finished processing cache location '/Users/Sergey/Library/Caches/typescript'
Process id: 34623
Npm config file: /Users/Sergey/Library/Caches/typescript/package.json
Updating types-registry npm package...
Global cache location '/Users/Sergey/Library/Caches/typescript', safe file path '/users/sergey/work/gh/typescript/built/local/typingsafelist.json'
Processing cache location '/Users/Sergey/Library/Caches/typescript'
Trying to find '/Users/Sergey/Library/Caches/typescript/package.json'...
Loaded content of '/Users/Sergey/Library/Caches/typescript/package.json': {"devDependencies":{"@types/buffer-equal":"0.0.30","@types/chai":"^3.4.35","@types/chalk":"^0.4.31","@types/concat-stream":"^1.6.0","@types/configstore":"^2.1.0","@types/core-js":"^0.9.37","@types/diff":"0.0.31","@types/express":"^4.0.35","@types/extend":"^2.0.30","@types/inherits":"0.0.29","@types/is":"0.0.17","@types/istanbul":"^0.4.29","@types/jquery":"^2.0.41","@types/karma":"^0.13.33","@types/karma-jasmine":"0.0.29","@types/minimist":"^1.2.0","@types/mkdirp":"^0.3.29","@types/mocha":"^2.2.39","@types/mockery":"^1.4.29","@types/node":"^7.0.6","@types/npm":"^2.0.28","@types/once":"^1.3.28","@types/proxyquire":"^1.3.27","@types/q":"^1.0.0","@types/request":"0.0.41","@types/rimraf":"0.0.28","@types/semver":"^5.3.30","@types/source-map-support":"^0.2.28","@types/tape":"^4.2.29","@types/through2":"^2.0.32","@types/xtend":"^4.0.2","@types/zone.js":"0.0.27"}}
Adding entry into typings cache: 'buffer-equal' => '/Users/Sergey/Library/Caches/typescript/node_modules/@types/buffer-equal/index.d.ts'
Adding entry into typings cache: 'chai' => '/Users/Sergey/Library/Caches/typescript/node_modules/@types/chai/index.d.ts'
Adding entry into typings cache: 'chalk' => '/Users/Sergey/Library/Caches/typescript/node_modules/@types/chalk/index.d.ts'
Adding entry into typings cache: 'concat-stream' => '/Users/Sergey/Library/Caches/typescript/node_modules/@types/concat-stream/index.d.ts'
Adding entry into typings cache: 'configstore' => '/Users/Sergey/Library/Caches/typescript/node_modules/@types/configstore/index.d.ts'
Adding entry into typings cache: 'core-js' => '/Users/Sergey/Library/Caches/typescript/node_modules/@types/core-js/index.d.ts'
Adding entry into typings cache: 'diff' => '/Users/Sergey/Library/Caches/typescript/node_modules/@types/diff/index.d.ts'
Adding entry into typings cache: 'express' => '/Users/Sergey/Library/Caches/typescript/node_modules/@types/express/index.d.ts'
Adding entry into typings cache: 'extend' => '/Users/Sergey/Library/Caches/typescript/node_modules/@types/extend/index.d.ts'
Adding entry into typings cache: 'inherits' => '/Users/Sergey/Library/Caches/typescript/node_modules/@types/inherits/index.d.ts'
Adding entry into typings cache: 'is' => '/Users/Sergey/Library/Caches/typescript/node_modules/@types/is/index.d.ts'
Adding entry into typings cache: 'istanbul' => '/Users/Sergey/Library/Caches/typescript/node_modules/@types/istanbul/index.d.ts'
Adding entry into typings cache: 'jquery' => '/Users/Sergey/Library/Caches/typescript/node_modules/@types/jquery/index.d.ts'
Adding entry into typings cache: 'karma' => '/Users/Sergey/Library/Caches/typescript/node_modules/@types/karma/index.d.ts'
Adding entry into typings cache: 'karma-jasmine' => '/Users/Sergey/Library/Caches/typescript/node_modules/@types/karma-jasmine/index.d.ts'
Adding entry into typings cache: 'minimist' => '/Users/Sergey/Library/Caches/typescript/node_modules/@types/minimist/index.d.ts'
Adding entry into typings cache: 'mkdirp' => '/Users/Sergey/Library/Caches/typescript/node_modules/@types/mkdirp/index.d.ts'
Adding entry into typings cache: 'mocha' => '/Users/Sergey/Library/Caches/typescript/node_modules/@types/mocha/index.d.ts'
Adding entry into typings cache: 'mockery' => '/Users/Sergey/Library/Caches/typescript/node_modules/@types/mockery/index.d.ts'
Adding entry into typings cache: 'node' => '/Users/Sergey/Library/Caches/typescript/node_modules/@types/node/index.d.ts'
Adding entry into typings cache: 'npm' => '/Users/Sergey/Library/Caches/typescript/node_modules/@types/npm/index.d.ts'
Adding entry into typings cache: 'once' => '/Users/Sergey/Library/Caches/typescript/node_modules/@types/once/index.d.ts'
Adding entry into typings cache: 'proxyquire' => '/Users/Sergey/Library/Caches/typescript/node_modules/@types/proxyquire/index.d.ts'
Adding entry into typings cache: 'q' => '/Users/Sergey/Library/Caches/typescript/node_modules/@types/q/index.d.ts'
Adding entry into typings cache: 'request' => '/Users/Sergey/Library/Caches/typescript/node_modules/@types/request/index.d.ts'
Adding entry into typings cache: 'rimraf' => '/Users/Sergey/Library/Caches/typescript/node_modules/@types/rimraf/index.d.ts'
Adding entry into typings cache: 'semver' => '/Users/Sergey/Library/Caches/typescript/node_modules/@types/semver/index.d.ts'
Adding entry into typings cache: 'source-map-support' => '/Users/Sergey/Library/Caches/typescript/node_modules/@types/source-map-support/index.d.ts'
Adding entry into typings cache: 'tape' => '/Users/Sergey/Library/Caches/typescript/node_modules/@types/tape/index.d.ts'
Adding entry into typings cache: 'through2' => '/Users/Sergey/Library/Caches/typescript/node_modules/@types/through2/index.d.ts'
Adding entry into typings cache: 'xtend' => '/Users/Sergey/Library/Caches/typescript/node_modules/@types/xtend/index.d.ts'
Adding entry into typings cache: 'zone.js' => '/Users/Sergey/Library/Caches/typescript/node_modules/@types/zone.js/index.d.ts'
Finished processing cache location '/Users/Sergey/Library/Caches/typescript'
Process id: 34784
Npm config file: /Users/Sergey/Library/Caches/typescript/package.json
Updating types-registry npm package...
Global cache location '/Users/Sergey/Library/Caches/typescript', safe file path '/users/sergey/work/gh/typescript/built/local/typingsafelist.json'
Processing cache location '/Users/Sergey/Library/Caches/typescript'
Trying to find '/Users/Sergey/Library/Caches/typescript/package.json'...
Loaded content of '/Users/Sergey/Library/Caches/typescript/package.json': {"devDependencies":{"@types/buffer-equal":"0.0.30","@types/chai":"^3.4.35","@types/chalk":"^0.4.31","@types/concat-stream":"^1.6.0","@types/configstore":"^2.1.0","@types/core-js":"^0.9.37","@types/diff":"0.0.31","@types/express":"^4.0.35","@types/extend":"^2.0.30","@types/inherits":"0.0.29","@types/is":"0.0.17","@types/istanbul":"^0.4.29","@types/jquery":"^2.0.41","@types/karma":"^0.13.33","@types/karma-jasmine":"0.0.29","@types/minimist":"^1.2.0","@types/mkdirp":"^0.3.29","@types/mocha":"^2.2.39","@types/mockery":"^1.4.29","@types/node":"^7.0.6","@types/npm":"^2.0.28","@types/once":"^1.3.28","@types/proxyquire":"^1.3.27","@types/q":"^1.0.0","@types/request":"0.0.41","@types/rimraf":"0.0.28","@types/semver":"^5.3.30","@types/source-map-support":"^0.2.28","@types/tape":"^4.2.29","@types/through2":"^2.0.32","@types/xtend":"^4.0.2","@types/zone.js":"0.0.27"}}
Adding entry into typings cache: 'buffer-equal' => '/Users/Sergey/Library/Caches/typescript/node_modules/@types/buffer-equal/index.d.ts'
Adding entry into typings cache: 'chai' => '/Users/Sergey/Library/Caches/typescript/node_modules/@types/chai/index.d.ts'
Adding entry into typings cache: 'chalk' => '/Users/Sergey/Library/Caches/typescript/node_modules/@types/chalk/index.d.ts'
Adding entry into typings cache: 'concat-stream' => '/Users/Sergey/Library/Caches/typescript/node_modules/@types/concat-stream/index.d.ts'
Adding entry into typings cache: 'configstore' => '/Users/Sergey/Library/Caches/typescript/node_modules/@types/configstore/index.d.ts'
Adding entry into typings cache: 'core-js' => '/Users/Sergey/Library/Caches/typescript/node_modules/@types/core-js/index.d.ts'
Adding entry into typings cache: 'diff' => '/Users/Sergey/Library/Caches/typescript/node_modules/@types/diff/index.d.ts'
Adding entry into typings cache: 'express' => '/Users/Sergey/Library/Caches/typescript/node_modules/@types/express/index.d.ts'
Adding entry into typings cache: 'extend' => '/Users/Sergey/Library/Caches/typescript/node_modules/@types/extend/index.d.ts'
Adding entry into typings cache: 'inherits' => '/Users/Sergey/Library/Caches/typescript/node_modules/@types/inherits/index.d.ts'
Adding entry into typings cache: 'is' => '/Users/Sergey/Library/Caches/typescript/node_modules/@types/is/index.d.ts'
Adding entry into typings cache: 'istanbul' => '/Users/Sergey/Library/Caches/typescript/node_modules/@types/istanbul/index.d.ts'
Adding entry into typings cache: 'jquery' => '/Users/Sergey/Library/Caches/typescript/node_modules/@types/jquery/index.d.ts'
Adding entry into typings cache: 'karma' => '/Users/Sergey/Library/Caches/typescript/node_modules/@types/karma/index.d.ts'
Adding entry into typings cache: 'karma-jasmine' => '/Users/Sergey/Library/Caches/typescript/node_modules/@types/karma-jasmine/index.d.ts'
Adding entry into typings cache: 'minimist' => '/Users/Sergey/Library/Caches/typescript/node_modules/@types/minimist/index.d.ts'
Adding entry into typings cache: 'mkdirp' => '/Users/Sergey/Library/Caches/typescript/node_modules/@types/mkdirp/index.d.ts'
Adding entry into typings cache: 'mocha' => '/Users/Sergey/Library/Caches/typescript/node_modules/@types/mocha/index.d.ts'
Adding entry into typings cache: 'mockery' => '/Users/Sergey/Library/Caches/typescript/node_modules/@types/mockery/index.d.ts'
Adding entry into typings cache: 'node' => '/Users/Sergey/Library/Caches/typescript/node_modules/@types/node/index.d.ts'
Adding entry into typings cache: 'npm' => '/Users/Sergey/Library/Caches/typescript/node_modules/@types/npm/index.d.ts'
Adding entry into typings cache: 'once' => '/Users/Sergey/Library/Caches/typescript/node_modules/@types/once/index.d.ts'
Adding entry into typings cache: 'proxyquire' => '/Users/Sergey/Library/Caches/typescript/node_modules/@types/proxyquire/index.d.ts'
Adding entry into typings cache: 'q' => '/Users/Sergey/Library/Caches/typescript/node_modules/@types/q/index.d.ts'
Adding entry into typings cache: 'request' => '/Users/Sergey/Library/Caches/typescript/node_modules/@types/request/index.d.ts'
Adding entry into typings cache: 'rimraf' => '/Users/Sergey/Library/Caches/typescript/node_modules/@types/rimraf/index.d.ts'
Adding entry into typings cache: 'semver' => '/Users/Sergey/Library/Caches/typescript/node_modules/@types/semver/index.d.ts'
Adding entry into typings cache: 'source-map-support' => '/Users/Sergey/Library/Caches/typescript/node_modules/@types/source-map-support/index.d.ts'
Adding entry into typings cache: 'tape' => '/Users/Sergey/Library/Caches/typescript/node_modules/@types/tape/index.d.ts'
Adding entry into typings cache: 'through2' => '/Users/Sergey/Library/Caches/typescript/node_modules/@types/through2/index.d.ts'
Adding entry into typings cache: 'xtend' => '/Users/Sergey/Library/Caches/typescript/node_modules/@types/xtend/index.d.ts'
Adding entry into typings cache: 'zone.js' => '/Users/Sergey/Library/Caches/typescript/node_modules/@types/zone.js/index.d.ts'
Finished processing cache location '/Users/Sergey/Library/Caches/typescript'
Process id: 34894
Npm config file: /Users/Sergey/Library/Caches/typescript/package.json
Updating types-registry npm package...
Global cache location '/Users/Sergey/Library/Caches/typescript', safe file path '/users/sergey/work/gh/typescript/built/local/typingsafelist.json'
Processing cache location '/Users/Sergey/Library/Caches/typescript'
Trying to find '/Users/Sergey/Library/Caches/typescript/package.json'...
Loaded content of '/Users/Sergey/Library/Caches/typescript/package.json': {"devDependencies":{"@types/buffer-equal":"0.0.30","@types/chai":"^3.4.35","@types/chalk":"^0.4.31","@types/concat-stream":"^1.6.0","@types/configstore":"^2.1.0","@types/core-js":"^0.9.37","@types/diff":"0.0.31","@types/express":"^4.0.35","@types/extend":"^2.0.30","@types/inherits":"0.0.29","@types/is":"0.0.17","@types/istanbul":"^0.4.29","@types/jquery":"^2.0.41","@types/karma":"^0.13.33","@types/karma-jasmine":"0.0.29","@types/minimist":"^1.2.0","@types/mkdirp":"^0.3.29","@types/mocha":"^2.2.39","@types/mockery":"^1.4.29","@types/node":"^7.0.6","@types/npm":"^2.0.28","@types/once":"^1.3.28","@types/proxyquire":"^1.3.27","@types/q":"^1.0.0","@types/request":"0.0.41","@types/rimraf":"0.0.28","@types/semver":"^5.3.30","@types/source-map-support":"^0.2.28","@types/tape":"^4.2.29","@types/through2":"^2.0.32","@types/xtend":"^4.0.2","@types/zone.js":"0.0.27"}}
Adding entry into typings cache: 'buffer-equal' => '/Users/Sergey/Library/Caches/typescript/node_modules/@types/buffer-equal/index.d.ts'
Adding entry into typings cache: 'chai' => '/Users/Sergey/Library/Caches/typescript/node_modules/@types/chai/index.d.ts'
Adding entry into typings cache: 'chalk' => '/Users/Sergey/Library/Caches/typescript/node_modules/@types/chalk/index.d.ts'
Adding entry into typings cache: 'concat-stream' => '/Users/Sergey/Library/Caches/typescript/node_modules/@types/concat-stream/index.d.ts'
Adding entry into typings cache: 'configstore' => '/Users/Sergey/Library/Caches/typescript/node_modules/@types/configstore/index.d.ts'
Adding entry into typings cache: 'core-js' => '/Users/Sergey/Library/Caches/typescript/node_modules/@types/core-js/index.d.ts'
Adding entry into typings cache: 'diff' => '/Users/Sergey/Library/Caches/typescript/node_modules/@types/diff/index.d.ts'
Adding entry into typings cache: 'express' => '/Users/Sergey/Library/Caches/typescript/node_modules/@types/express/index.d.ts'
Adding entry into typings cache: 'extend' => '/Users/Sergey/Library/Caches/typescript/node_modules/@types/extend/index.d.ts'
Adding entry into typings cache: 'inherits' => '/Users/Sergey/Library/Caches/typescript/node_modules/@types/inherits/index.d.ts'
Adding entry into typings cache: 'is' => '/Users/Sergey/Library/Caches/typescript/node_modules/@types/is/index.d.ts'
Adding entry into typings cache: 'istanbul' => '/Users/Sergey/Library/Caches/typescript/node_modules/@types/istanbul/index.d.ts'
Adding entry into typings cache: 'jquery' => '/Users/Sergey/Library/Caches/typescript/node_modules/@types/jquery/index.d.ts'
Adding entry into typings cache: 'karma' => '/Users/Sergey/Library/Caches/typescript/node_modules/@types/karma/index.d.ts'
Adding entry into typings cache: 'karma-jasmine' => '/Users/Sergey/Library/Caches/typescript/node_modules/@types/karma-jasmine/index.d.ts'
Adding entry into typings cache: 'minimist' => '/Users/Sergey/Library/Caches/typescript/node_modules/@types/minimist/index.d.ts'
Adding entry into typings cache: 'mkdirp' => '/Users/Sergey/Library/Caches/typescript/node_modules/@types/mkdirp/index.d.ts'
Adding entry into typings cache: 'mocha' => '/Users/Sergey/Library/Caches/typescript/node_modules/@types/mocha/index.d.ts'
Adding entry into typings cache: 'mockery' => '/Users/Sergey/Library/Caches/typescript/node_modules/@types/mockery/index.d.ts'
Adding entry into typings cache: 'node' => '/Users/Sergey/Library/Caches/typescript/node_modules/@types/node/index.d.ts'
Adding entry into typings cache: 'npm' => '/Users/Sergey/Library/Caches/typescript/node_modules/@types/npm/index.d.ts'
Adding entry into typings cache: 'once' => '/Users/Sergey/Library/Caches/typescript/node_modules/@types/once/index.d.ts'
Adding entry into typings cache: 'proxyquire' => '/Users/Sergey/Library/Caches/typescript/node_modules/@types/proxyquire/index.d.ts'
Adding entry into typings cache: 'q' => '/Users/Sergey/Library/Caches/typescript/node_modules/@types/q/index.d.ts'
Adding entry into typings cache: 'request' => '/Users/Sergey/Library/Caches/typescript/node_modules/@types/request/index.d.ts'
Adding entry into typings cache: 'rimraf' => '/Users/Sergey/Library/Caches/typescript/node_modules/@types/rimraf/index.d.ts'
Adding entry into typings cache: 'semver' => '/Users/Sergey/Library/Caches/typescript/node_modules/@types/semver/index.d.ts'
Adding entry into typings cache: 'source-map-support' => '/Users/Sergey/Library/Caches/typescript/node_modules/@types/source-map-support/index.d.ts'
Adding entry into typings cache: 'tape' => '/Users/Sergey/Library/Caches/typescript/node_modules/@types/tape/index.d.ts'
Adding entry into typings cache: 'through2' => '/Users/Sergey/Library/Caches/typescript/node_modules/@types/through2/index.d.ts'
Adding entry into typings cache: 'xtend' => '/Users/Sergey/Library/Caches/typescript/node_modules/@types/xtend/index.d.ts'
Adding entry into typings cache: 'zone.js' => '/Users/Sergey/Library/Caches/typescript/node_modules/@types/zone.js/index.d.ts'
Finished processing cache location '/Users/Sergey/Library/Caches/typescript'
Process id: 34911
Npm config file: /Users/Sergey/Library/Caches/typescript/package.json
Updating types-registry npm package...
Global cache location '/Users/Sergey/Library/Caches/typescript', safe file path '/users/sergey/work/gh/typescript/built/local/typingsafelist.json'
Processing cache location '/Users/Sergey/Library/Caches/typescript'
Trying to find '/Users/Sergey/Library/Caches/typescript/package.json'...
Loaded content of '/Users/Sergey/Library/Caches/typescript/package.json': {"devDependencies":{"@types/buffer-equal":"0.0.30","@types/chai":"^3.4.35","@types/chalk":"^0.4.31","@types/concat-stream":"^1.6.0","@types/configstore":"^2.1.0","@types/core-js":"^0.9.37","@types/diff":"0.0.31","@types/express":"^4.0.35","@types/extend":"^2.0.30","@types/inherits":"0.0.29","@types/is":"0.0.17","@types/istanbul":"^0.4.29","@types/jquery":"^2.0.41","@types/karma":"^0.13.33","@types/karma-jasmine":"0.0.29","@types/minimist":"^1.2.0","@types/mkdirp":"^0.3.29","@types/mocha":"^2.2.39","@types/mockery":"^1.4.29","@types/node":"^7.0.6","@types/npm":"^2.0.28","@types/once":"^1.3.28","@types/proxyquire":"^1.3.27","@types/q":"^1.0.0","@types/request":"0.0.41","@types/rimraf":"0.0.28","@types/semver":"^5.3.30","@types/source-map-support":"^0.2.28","@types/tape":"^4.2.29","@types/through2":"^2.0.32","@types/xtend":"^4.0.2","@types/zone.js":"0.0.27"}}
Adding entry into typings cache: 'buffer-equal' => '/Users/Sergey/Library/Caches/typescript/node_modules/@types/buffer-equal/index.d.ts'
Adding entry into typings cache: 'chai' => '/Users/Sergey/Library/Caches/typescript/node_modules/@types/chai/index.d.ts'
Adding entry into typings cache: 'chalk' => '/Users/Sergey/Library/Caches/typescript/node_modules/@types/chalk/index.d.ts'
Adding entry into typings cache: 'concat-stream' => '/Users/Sergey/Library/Caches/typescript/node_modules/@types/concat-stream/index.d.ts'
Adding entry into typings cache: 'configstore' => '/Users/Sergey/Library/Caches/typescript/node_modules/@types/configstore/index.d.ts'
Adding entry into typings cache: 'core-js' => '/Users/Sergey/Library/Caches/typescript/node_modules/@types/core-js/index.d.ts'
Adding entry into typings cache: 'diff' => '/Users/Sergey/Library/Caches/typescript/node_modules/@types/diff/index.d.ts'
Adding entry into typings cache: 'express' => '/Users/Sergey/Library/Caches/typescript/node_modules/@types/express/index.d.ts'
Adding entry into typings cache: 'extend' => '/Users/Sergey/Library/Caches/typescript/node_modules/@types/extend/index.d.ts'
Adding entry into typings cache: 'inherits' => '/Users/Sergey/Library/Caches/typescript/node_modules/@types/inherits/index.d.ts'
Adding entry into typings cache: 'is' => '/Users/Sergey/Library/Caches/typescript/node_modules/@types/is/index.d.ts'
Adding entry into typings cache: 'istanbul' => '/Users/Sergey/Library/Caches/typescript/node_modules/@types/istanbul/index.d.ts'
Adding entry into typings cache: 'jquery' => '/Users/Sergey/Library/Caches/typescript/node_modules/@types/jquery/index.d.ts'
Adding entry into typings cache: 'karma' => '/Users/Sergey/Library/Caches/typescript/node_modules/@types/karma/index.d.ts'
Adding entry into typings cache: 'karma-jasmine' => '/Users/Sergey/Library/Caches/typescript/node_modules/@types/karma-jasmine/index.d.ts'
Adding entry into typings cache: 'minimist' => '/Users/Sergey/Library/Caches/typescript/node_modules/@types/minimist/index.d.ts'
Adding entry into typings cache: 'mkdirp' => '/Users/Sergey/Library/Caches/typescript/node_modules/@types/mkdirp/index.d.ts'
Adding entry into typings cache: 'mocha' => '/Users/Sergey/Library/Caches/typescript/node_modules/@types/mocha/index.d.ts'
Adding entry into typings cache: 'mockery' => '/Users/Sergey/Library/Caches/typescript/node_modules/@types/mockery/index.d.ts'
Adding entry into typings cache: 'node' => '/Users/Sergey/Library/Caches/typescript/node_modules/@types/node/index.d.ts'
Adding entry into typings cache: 'npm' => '/Users/Sergey/Library/Caches/typescript/node_modules/@types/npm/index.d.ts'
Adding entry into typings cache: 'once' => '/Users/Sergey/Library/Caches/typescript/node_modules/@types/once/index.d.ts'
Adding entry into typings cache: 'proxyquire' => '/Users/Sergey/Library/Caches/typescript/node_modules/@types/proxyquire/index.d.ts'
Adding entry into typings cache: 'q' => '/Users/Sergey/Library/Caches/typescript/node_modules/@types/q/index.d.ts'
Adding entry into typings cache: 'request' => '/Users/Sergey/Library/Caches/typescript/node_modules/@types/request/index.d.ts'
Adding entry into typings cache: 'rimraf' => '/Users/Sergey/Library/Caches/typescript/node_modules/@types/rimraf/index.d.ts'
Adding entry into typings cache: 'semver' => '/Users/Sergey/Library/Caches/typescript/node_modules/@types/semver/index.d.ts'
Adding entry into typings cache: 'source-map-support' => '/Users/Sergey/Library/Caches/typescript/node_modules/@types/source-map-support/index.d.ts'
Adding entry into typings cache: 'tape' => '/Users/Sergey/Library/Caches/typescript/node_modules/@types/tape/index.d.ts'
Adding entry into typings cache: 'through2' => '/Users/Sergey/Library/Caches/typescript/node_modules/@types/through2/index.d.ts'
Adding entry into typings cache: 'xtend' => '/Users/Sergey/Library/Caches/typescript/node_modules/@types/xtend/index.d.ts'
Adding entry into typings cache: 'zone.js' => '/Users/Sergey/Library/Caches/typescript/node_modules/@types/zone.js/index.d.ts'
Finished processing cache location '/Users/Sergey/Library/Caches/typescript'
Process id: 34932
Npm config file: /Users/Sergey/Library/Caches/typescript/package.json
Updating types-registry npm package...
Global cache location '/Users/Sergey/Library/Caches/typescript', safe file path '/users/sergey/work/gh/typescript/built/local/typingsafelist.json'
Processing cache location '/Users/Sergey/Library/Caches/typescript'
Trying to find '/Users/Sergey/Library/Caches/typescript/package.json'...
Loaded content of '/Users/Sergey/Library/Caches/typescript/package.json': {"devDependencies":{"@types/buffer-equal":"0.0.30","@types/chai":"^3.4.35","@types/chalk":"^0.4.31","@types/concat-stream":"^1.6.0","@types/configstore":"^2.1.0","@types/core-js":"^0.9.37","@types/diff":"0.0.31","@types/express":"^4.0.35","@types/extend":"^2.0.30","@types/inherits":"0.0.29","@types/is":"0.0.17","@types/istanbul":"^0.4.29","@types/jquery":"^2.0.41","@types/karma":"^0.13.33","@types/karma-jasmine":"0.0.29","@types/minimist":"^1.2.0","@types/mkdirp":"^0.3.29","@types/mocha":"^2.2.39","@types/mockery":"^1.4.29","@types/node":"^7.0.6","@types/npm":"^2.0.28","@types/once":"^1.3.28","@types/proxyquire":"^1.3.27","@types/q":"^1.0.0","@types/request":"0.0.41","@types/rimraf":"0.0.28","@types/semver":"^5.3.30","@types/source-map-support":"^0.2.28","@types/tape":"^4.2.29","@types/through2":"^2.0.32","@types/xtend":"^4.0.2","@types/zone.js":"0.0.27"}}
Adding entry into typings cache: 'buffer-equal' => '/Users/Sergey/Library/Caches/typescript/node_modules/@types/buffer-equal/index.d.ts'
Adding entry into typings cache: 'chai' => '/Users/Sergey/Library/Caches/typescript/node_modules/@types/chai/index.d.ts'
Adding entry into typings cache: 'chalk' => '/Users/Sergey/Library/Caches/typescript/node_modules/@types/chalk/index.d.ts'
Adding entry into typings cache: 'concat-stream' => '/Users/Sergey/Library/Caches/typescript/node_modules/@types/concat-stream/index.d.ts'
Adding entry into typings cache: 'configstore' => '/Users/Sergey/Library/Caches/typescript/node_modules/@types/configstore/index.d.ts'
Adding entry into typings cache: 'core-js' => '/Users/Sergey/Library/Caches/typescript/node_modules/@types/core-js/index.d.ts'
Adding entry into typings cache: 'diff' => '/Users/Sergey/Library/Caches/typescript/node_modules/@types/diff/index.d.ts'
Adding entry into typings cache: 'express' => '/Users/Sergey/Library/Caches/typescript/node_modules/@types/express/index.d.ts'
Adding entry into typings cache: 'extend' => '/Users/Sergey/Library/Caches/typescript/node_modules/@types/extend/index.d.ts'
Adding entry into typings cache: 'inherits' => '/Users/Sergey/Library/Caches/typescript/node_modules/@types/inherits/index.d.ts'
Adding entry into typings cache: 'is' => '/Users/Sergey/Library/Caches/typescript/node_modules/@types/is/index.d.ts'
Adding entry into typings cache: 'istanbul' => '/Users/Sergey/Library/Caches/typescript/node_modules/@types/istanbul/index.d.ts'
Adding entry into typings cache: 'jquery' => '/Users/Sergey/Library/Caches/typescript/node_modules/@types/jquery/index.d.ts'
Adding entry into typings cache: 'karma' => '/Users/Sergey/Library/Caches/typescript/node_modules/@types/karma/index.d.ts'
Adding entry into typings cache: 'karma-jasmine' => '/Users/Sergey/Library/Caches/typescript/node_modules/@types/karma-jasmine/index.d.ts'
Adding entry into typings cache: 'minimist' => '/Users/Sergey/Library/Caches/typescript/node_modules/@types/minimist/index.d.ts'
Adding entry into typings cache: 'mkdirp' => '/Users/Sergey/Library/Caches/typescript/node_modules/@types/mkdirp/index.d.ts'
Adding entry into typings cache: 'mocha' => '/Users/Sergey/Library/Caches/typescript/node_modules/@types/mocha/index.d.ts'
Adding entry into typings cache: 'mockery' => '/Users/Sergey/Library/Caches/typescript/node_modules/@types/mockery/index.d.ts'
Adding entry into typings cache: 'node' => '/Users/Sergey/Library/Caches/typescript/node_modules/@types/node/index.d.ts'
Adding entry into typings cache: 'npm' => '/Users/Sergey/Library/Caches/typescript/node_modules/@types/npm/index.d.ts'
Adding entry into typings cache: 'once' => '/Users/Sergey/Library/Caches/typescript/node_modules/@types/once/index.d.ts'
Adding entry into typings cache: 'proxyquire' => '/Users/Sergey/Library/Caches/typescript/node_modules/@types/proxyquire/index.d.ts'
Adding entry into typings cache: 'q' => '/Users/Sergey/Library/Caches/typescript/node_modules/@types/q/index.d.ts'
Adding entry into typings cache: 'request' => '/Users/Sergey/Library/Caches/typescript/node_modules/@types/request/index.d.ts'
Adding entry into typings cache: 'rimraf' => '/Users/Sergey/Library/Caches/typescript/node_modules/@types/rimraf/index.d.ts'
Adding entry into typings cache: 'semver' => '/Users/Sergey/Library/Caches/typescript/node_modules/@types/semver/index.d.ts'
Adding entry into typings cache: 'source-map-support' => '/Users/Sergey/Library/Caches/typescript/node_modules/@types/source-map-support/index.d.ts'
Adding entry into typings cache: 'tape' => '/Users/Sergey/Library/Caches/typescript/node_modules/@types/tape/index.d.ts'
Adding entry into typings cache: 'through2' => '/Users/Sergey/Library/Caches/typescript/node_modules/@types/through2/index.d.ts'
Adding entry into typings cache: 'xtend' => '/Users/Sergey/Library/Caches/typescript/node_modules/@types/xtend/index.d.ts'
Adding entry into typings cache: 'zone.js' => '/Users/Sergey/Library/Caches/typescript/node_modules/@types/zone.js/index.d.ts'
Finished processing cache location '/Users/Sergey/Library/Caches/typescript'
Process id: 35251
Npm config file: /Users/Sergey/Library/Caches/typescript/package.json
Updating types-registry npm package...
